Unity Editor version:    6000.0.33f1 (433b0a79340b)
Branch:                  6000.0/staging
Build type:              Release
Batch mode:              YES
macOS version:           Version 15.3.1 (Build 24D70)
Darwin version:          24.3.0
Architecture:            arm64
Running under Rosetta:   NO
Available memory:        8192 MB
Using pre-set license
Pro License: YES

COMMAND LINE ARGUMENTS:
/Applications/Unity/Hub/Editor/6000.0.33f1/Unity.app/Contents/MacOS/Unity
-adb2
-batchMode
-noUpm
-name
AssetImportWorker0
-projectPath
/Users/eyamin.h/Personal/2-1/2-1 Personal/Project/Super_Mario_Eyamin_Project
-logFile
Logs/AssetImportWorker0.log
-srvPort
60717
-job-worker-count
3
-background-job-worker-count
8
-gc-helper-count
1
Successfully changed project path to: /Users/eyamin.h/Personal/2-1/2-1 Personal/Project/Super_Mario_Eyamin_Project
/Users/eyamin.h/Personal/2-1/2-1 Personal/Project/Super_Mario_Eyamin_Project
[UnityMemory] Configuration Parameters - Can be set up in boot.config
    "memorysetup-bucket-allocator-granularity=16"
    "memorysetup-bucket-allocator-bucket-count=8"
    "memorysetup-bucket-allocator-block-size=33554432"
    "memorysetup-bucket-allocator-block-count=8"
    "memorysetup-main-allocator-block-size=16777216"
    "memorysetup-thread-allocator-block-size=16777216"
    "memorysetup-gfx-main-allocator-block-size=16777216"
    "memorysetup-gfx-thread-allocator-block-size=16777216"
    "memorysetup-cache-allocator-block-size=4194304"
    "memorysetup-typetree-allocator-block-size=2097152"
    "memorysetup-profiler-bucket-allocator-granularity=16"
    "memorysetup-profiler-bucket-allocator-bucket-count=8"
    "memorysetup-profiler-bucket-allocator-block-size=33554432"
    "memorysetup-profiler-bucket-allocator-block-count=8"
    "memorysetup-profiler-allocator-block-size=16777216"
    "memorysetup-profiler-editor-allocator-block-size=1048576"
    "memorysetup-temp-allocator-size-main=16777216"
    "memorysetup-job-temp-allocator-block-size=2097152"
    "memorysetup-job-temp-allocator-block-size-background=1048576"
    "memorysetup-job-temp-allocator-reduction-small-platforms=262144"
    "memorysetup-allocator-temp-initial-block-size-main=262144"
    "memorysetup-allocator-temp-initial-block-size-worker=262144"
    "memorysetup-temp-allocator-size-background-worker=32768"
    "memorysetup-temp-allocator-size-job-worker=262144"
    "memorysetup-temp-allocator-size-preload-manager=33554432"
    "memorysetup-temp-allocator-size-nav-mesh-worker=65536"
    "memorysetup-temp-allocator-size-audio-worker=65536"
    "memorysetup-temp-allocator-size-cloud-worker=32768"
    "memorysetup-temp-allocator-size-gi-baking-worker=262144"
    "memorysetup-temp-allocator-size-gi-baking-worker=262144"
    "memorysetup-temp-allocator-size-gi-baking-worker=262144"
    "memorysetup-temp-allocator-size-gi-baking-worker=262144"
    "memorysetup-temp-allocator-size-gi-baking-worker=262144"
    "memorysetup-temp-allocator-size-gfx=262144"
Player connection [8272726080]  Target information:

Player connection [8272726080]  * "[IP] 192.168.1.101 [Port] 0 [Flags] 2 [Guid] 632569358 [EditorId] 632569358 [Version] 1048832 [Id] OSXEditor(0,Eyamins-MacBook-Air.local) [Debug] 1 [PackageName] OSXEditor [ProjectName] Editor" 

Player connection [8272726080] Host joined multi-casting on [225.0.0.222:54997]...
Player connection [8272726080] Host joined alternative multi-casting on [225.0.0.222:34997]...
JobSystem: Creating JobQueue using job-worker-count value 3
[Physics::Module] Initialized fallback backend.
[Physics::Module] Id: 0xdecafbad
Library Redirect Path: Library/
[Physics::Module] Selected backend.
[Physics::Module] Name: PhysX
[Physics::Module] Id: 0xf2b8ea05
[Physics::Module] SDK Version: 4.1.2
[Physics::Module] Integration Version: 1.0.0
[Physics::Module] Threading Mode: Multi-Threaded
Refreshing native plugins compatible for Editor in 1.65 ms, found 2 plugins.
Preloading 0 native plugins for Editor in 0.00 ms.
Initialize engine version: 6000.0.33f1 (433b0a79340b)
[Subsystems] Discovering subsystems at path /Applications/Unity/Hub/Editor/6000.0.33f1/Unity.app/Contents/Resources/UnitySubsystems
[Subsystems] Discovering subsystems at path /Users/eyamin.h/Personal/2-1/2-1 Personal/Project/Super_Mario_Eyamin_Project/Assets
GfxDevice: creating device client; kGfxThreadingModeNonThreaded
 preferred device: Apple M2 (high power)
Metal devices available: 1
0: Apple M2 (high power)
Using device Apple M2 (high power)
Initializing Metal device caps: Apple M2
Initialize mono
Mono path[0] = '/Applications/Unity/Hub/Editor/6000.0.33f1/Unity.app/Contents/Managed'
Mono path[1] = '/Applications/Unity/Hub/Editor/6000.0.33f1/Unity.app/Contents/MonoBleedingEdge/lib/mono/unityjit-macos'
Mono config path = '/Applications/Unity/Hub/Editor/6000.0.33f1/Unity.app/Contents/MonoBleedingEdge/etc'
Using monoOptions --debugger-agent=transport=dt_socket,embedding=1,server=y,suspend=n,address=127.0.0.1:56865
Begin MonoManager ReloadAssembly
Registering precompiled unity dll's ...
Register platform support module: /Applications/Unity/Hub/Editor/6000.0.33f1/PlaybackEngines/WebGLSupport/UnityEditor.WebGL.Extensions.dll
Register platform support module: /Applications/Unity/Hub/Editor/6000.0.33f1/Unity.app/Contents/PlaybackEngines/MacStandaloneSupport/UnityEditor.OSXStandalone.Extensions.dll
Register platform support module: /Applications/Unity/Hub/Editor/6000.0.33f1/PlaybackEngines/AndroidPlayer/UnityEditor.Android.Extensions.dll
Register platform support module: /Applications/Unity/Hub/Editor/6000.0.33f1/PlaybackEngines/iOSSupport/UnityEditor.iOS.Extensions.dll
Registered in 0.005496 seconds.
- Loaded All Assemblies, in  0.337 seconds
[usbmuxd] Start listen thread
[usbmuxd] Listen thread started
[usbmuxd] Send listen message
Native extension for iOS target not found
Native extension for Android target not found
Android Extension - Scanning For ADB Devices 246 ms
Native extension for OSXStandalone target not found
Native extension for WebGL target not found
Mono: successfully reloaded assembly
- Finished resetting the current domain, in  0.562 seconds
Domain Reload Profiling: 899ms
	BeginReloadAssembly (119ms)
		ExecutionOrderSort (0ms)
		DisableScriptedObjects (0ms)
		BackupInstance (0ms)
		ReleaseScriptingObjects (0ms)
		CreateAndSetChildDomain (1ms)
	RebuildCommonClasses (29ms)
	RebuildNativeTypeToScriptingClass (10ms)
	initialDomainReloadingComplete (37ms)
	LoadAllAssembliesAndSetupDomain (141ms)
		LoadAssemblies (120ms)
		RebuildTransferFunctionScriptingTraits (0ms)
		AnalyzeDomain (138ms)
			TypeCache.Refresh (137ms)
				TypeCache.ScanAssembly (122ms)
			BuildScriptInfoCaches (0ms)
			ResolveRequiredComponents (0ms)
	FinalizeReload (562ms)
		ReleaseScriptCaches (0ms)
		RebuildScriptCaches (0ms)
		SetupLoadedEditorAssemblies (535ms)
			LogAssemblyErrors (0ms)
			InitializePlatformSupportModulesInManaged (377ms)
			SetLoadedEditorAssemblies (3ms)
			BeforeProcessingInitializeOnLoad (36ms)
			ProcessInitializeOnLoadAttributes (77ms)
			ProcessInitializeOnLoadMethodAttributes (41ms)
			AfterProcessingInitializeOnLoad (0ms)
			EditorAssembliesLoaded (0ms)
		ExecutionOrderSort2 (0ms)
		AwakeInstancesAfterBackupRestoration (0ms)
========================================================================
Worker process is ready to serve import requests
Import Worker Mode flag is 0x00
Begin MonoManager ReloadAssembly
- Loaded All Assemblies, in  0.490 seconds
Refreshing native plugins compatible for Editor in 0.26 ms, found 2 plugins.
Native extension for iOS target not found
Native extension for Android target not found
Native extension for OSXStandalone target not found
Native extension for WebGL target not found
Mono: successfully reloaded assembly
- Finished resetting the current domain, in  0.409 seconds
Domain Reload Profiling: 899ms
	BeginReloadAssembly (98ms)
		ExecutionOrderSort (0ms)
		DisableScriptedObjects (4ms)
		BackupInstance (0ms)
		ReleaseScriptingObjects (0ms)
		CreateAndSetChildDomain (32ms)
	RebuildCommonClasses (29ms)
	RebuildNativeTypeToScriptingClass (10ms)
	initialDomainReloadingComplete (24ms)
	LoadAllAssembliesAndSetupDomain (329ms)
		LoadAssemblies (219ms)
		RebuildTransferFunctionScriptingTraits (0ms)
		AnalyzeDomain (153ms)
			TypeCache.Refresh (125ms)
				TypeCache.ScanAssembly (107ms)
			BuildScriptInfoCaches (22ms)
			ResolveRequiredComponents (3ms)
	FinalizeReload (410ms)
		ReleaseScriptCaches (0ms)
		RebuildScriptCaches (0ms)
		SetupLoadedEditorAssemblies (319ms)
			LogAssemblyErrors (0ms)
			InitializePlatformSupportModulesInManaged (19ms)
			SetLoadedEditorAssemblies (3ms)
			BeforeProcessingInitializeOnLoad (52ms)
			ProcessInitializeOnLoadAttributes (231ms)
			ProcessInitializeOnLoadMethodAttributes (14ms)
			AfterProcessingInitializeOnLoad (1ms)
			EditorAssembliesLoaded (0ms)
		ExecutionOrderSort2 (0ms)
		AwakeInstancesAfterBackupRestoration (2ms)
Launching external process: /Applications/Unity/Hub/Editor/6000.0.33f1/Unity.app/Contents/Tools/UnityShaderCompiler
Launched and connected shader compiler UnityShaderCompiler after 0.07 seconds
Refreshing native plugins compatible for Editor in 0.21 ms, found 2 plugins.
Preloading 0 native plugins for Editor in 0.00 ms.
Unloading 7 Unused Serialized files (Serialized files now loaded: 0)
Unloading 3248 unused Assets / (0.6 MB). Loaded Objects now: 3733.
Memory consumption went from 79.8 MB to 79.2 MB.
Total: 7.602250 ms (FindLiveObjects: 3.140041 ms CreateObjectMapping: 0.122625 ms MarkObjects: 3.582083 ms  DeleteObjects: 0.757334 ms)

========================================================================
Received Prepare
Begin MonoManager ReloadAssembly
Thread 0x17fad3000 may have been prematurely finalized
- Loaded All Assemblies, in  0.358 seconds
Refreshing native plugins compatible for Editor in 0.22 ms, found 2 plugins.
Native extension for iOS target not found
Native extension for Android target not found
Native extension for OSXStandalone target not found
Native extension for WebGL target not found
Mono: successfully reloaded assembly
- Finished resetting the current domain, in  0.366 seconds
Domain Reload Profiling: 724ms
	BeginReloadAssembly (106ms)
		ExecutionOrderSort (0ms)
		DisableScriptedObjects (3ms)
		BackupInstance (0ms)
		ReleaseScriptingObjects (0ms)
		CreateAndSetChildDomain (38ms)
	RebuildCommonClasses (26ms)
	RebuildNativeTypeToScriptingClass (10ms)
	initialDomainReloadingComplete (16ms)
	LoadAllAssembliesAndSetupDomain (200ms)
		LoadAssemblies (149ms)
		RebuildTransferFunctionScriptingTraits (0ms)
		AnalyzeDomain (90ms)
			TypeCache.Refresh (11ms)
				TypeCache.ScanAssembly (0ms)
			BuildScriptInfoCaches (74ms)
			ResolveRequiredComponents (4ms)
	FinalizeReload (366ms)
		ReleaseScriptCaches (0ms)
		RebuildScriptCaches (0ms)
		SetupLoadedEditorAssemblies (276ms)
			LogAssemblyErrors (0ms)
			InitializePlatformSupportModulesInManaged (13ms)
			SetLoadedEditorAssemblies (3ms)
			BeforeProcessingInitializeOnLoad (46ms)
			ProcessInitializeOnLoadAttributes (197ms)
			ProcessInitializeOnLoadMethodAttributes (15ms)
			AfterProcessingInitializeOnLoad (1ms)
			EditorAssembliesLoaded (0ms)
		ExecutionOrderSort2 (0ms)
		AwakeInstancesAfterBackupRestoration (2ms)
Refreshing native plugins compatible for Editor in 0.26 ms, found 2 plugins.
Preloading 0 native plugins for Editor in 0.00 ms.
Unloading 0 Unused Serialized files (Serialized files now loaded: 0)
Unloading 3246 unused Assets / (0.8 MB). Loaded Objects now: 3733.
Memory consumption went from 87.1 MB to 86.3 MB.
Total: 4.350333 ms (FindLiveObjects: 0.181250 ms CreateObjectMapping: 0.118459 ms MarkObjects: 3.559708 ms  DeleteObjects: 0.490541 ms)

Prepare: number of updated asset objects reloaded= 0
========================================================================
Received Import Request.
  Time since last request: 54017.604271 seconds.
  path: Assets/Scenes/Main Menu.unity
  artifactKey: Guid(0c774e47f2d1541ef9356d79e0f17abb) Importer(815301076,1909f56bfc062723c751e8b465ee728b)
Start importing Assets/Scenes/Main Menu.unity using Guid(0c774e47f2d1541ef9356d79e0f17abb) Importer(815301076,1909f56bfc062723c751e8b465ee728b) (PreviewImporter) -> (artifact id: '510718188d51d7f69c75f63b443516d9') in 0.004105667 seconds
Number of updated asset objects reloaded before import = 0Number of asset objects unloaded after import = 0

========================================================================
Received Prepare
Begin MonoManager ReloadAssembly
Thread 0x17fad3000 may have been prematurely finalized
- Loaded All Assemblies, in  0.540 seconds
Refreshing native plugins compatible for Editor in 0.24 ms, found 2 plugins.
Native extension for iOS target not found
Native extension for Android target not found
Native extension for OSXStandalone target not found
Native extension for WebGL target not found
Mono: successfully reloaded assembly
- Finished resetting the current domain, in  0.362 seconds
Domain Reload Profiling: 904ms
	BeginReloadAssembly (168ms)
		ExecutionOrderSort (0ms)
		DisableScriptedObjects (5ms)
		BackupInstance (0ms)
		ReleaseScriptingObjects (0ms)
		CreateAndSetChildDomain (55ms)
	RebuildCommonClasses (28ms)
	RebuildNativeTypeToScriptingClass (10ms)
	initialDomainReloadingComplete (27ms)
	LoadAllAssembliesAndSetupDomain (309ms)
		LoadAssemblies (273ms)
		RebuildTransferFunctionScriptingTraits (0ms)
		AnalyzeDomain (105ms)
			TypeCache.Refresh (14ms)
				TypeCache.ScanAssembly (0ms)
			BuildScriptInfoCaches (84ms)
			ResolveRequiredComponents (4ms)
	FinalizeReload (363ms)
		ReleaseScriptCaches (0ms)
		RebuildScriptCaches (0ms)
		SetupLoadedEditorAssemblies (269ms)
			LogAssemblyErrors (0ms)
			InitializePlatformSupportModulesInManaged (15ms)
			SetLoadedEditorAssemblies (6ms)
			BeforeProcessingInitializeOnLoad (50ms)
			ProcessInitializeOnLoadAttributes (186ms)
			ProcessInitializeOnLoadMethodAttributes (12ms)
			AfterProcessingInitializeOnLoad (1ms)
			EditorAssembliesLoaded (0ms)
		ExecutionOrderSort2 (0ms)
		AwakeInstancesAfterBackupRestoration (2ms)
Refreshing native plugins compatible for Editor in 0.28 ms, found 2 plugins.
Preloading 0 native plugins for Editor in 0.00 ms.
Unloading 0 Unused Serialized files (Serialized files now loaded: 0)
Unloading 3246 unused Assets / (396.0 KB). Loaded Objects now: 3735.
Memory consumption went from 86.6 MB to 86.2 MB.
Total: 4.253292 ms (FindLiveObjects: 0.233083 ms CreateObjectMapping: 0.115167 ms MarkObjects: 3.412250 ms  DeleteObjects: 0.492375 ms)

Prepare: number of updated asset objects reloaded= 0
========================================================================
Received Prepare
Begin MonoManager ReloadAssembly
Thread 0x16d98b000 may have been prematurely finalized
- Loaded All Assemblies, in  0.382 seconds
Refreshing native plugins compatible for Editor in 0.27 ms, found 2 plugins.
Native extension for iOS target not found
Native extension for Android target not found
Native extension for OSXStandalone target not found
Native extension for WebGL target not found
Mono: successfully reloaded assembly
- Finished resetting the current domain, in  0.419 seconds
Domain Reload Profiling: 803ms
	BeginReloadAssembly (133ms)
		ExecutionOrderSort (0ms)
		DisableScriptedObjects (3ms)
		BackupInstance (0ms)
		ReleaseScriptingObjects (0ms)
		CreateAndSetChildDomain (50ms)
	RebuildCommonClasses (26ms)
	RebuildNativeTypeToScriptingClass (9ms)
	initialDomainReloadingComplete (15ms)
	LoadAllAssembliesAndSetupDomain (199ms)
		LoadAssemblies (161ms)
		RebuildTransferFunctionScriptingTraits (0ms)
		AnalyzeDomain (93ms)
			TypeCache.Refresh (8ms)
				TypeCache.ScanAssembly (0ms)
			BuildScriptInfoCaches (80ms)
			ResolveRequiredComponents (4ms)
	FinalizeReload (419ms)
		ReleaseScriptCaches (0ms)
		RebuildScriptCaches (0ms)
		SetupLoadedEditorAssemblies (328ms)
			LogAssemblyErrors (0ms)
			InitializePlatformSupportModulesInManaged (13ms)
			SetLoadedEditorAssemblies (3ms)
			BeforeProcessingInitializeOnLoad (48ms)
			ProcessInitializeOnLoadAttributes (249ms)
			ProcessInitializeOnLoadMethodAttributes (14ms)
			AfterProcessingInitializeOnLoad (1ms)
			EditorAssembliesLoaded (0ms)
		ExecutionOrderSort2 (0ms)
		AwakeInstancesAfterBackupRestoration (2ms)
Refreshing native plugins compatible for Editor in 0.24 ms, found 2 plugins.
Preloading 0 native plugins for Editor in 0.00 ms.
Unloading 0 Unused Serialized files (Serialized files now loaded: 0)
Unloading 3246 unused Assets / (0.7 MB). Loaded Objects now: 3735.
Memory consumption went from 85.3 MB to 84.6 MB.
Total: 5.464791 ms (FindLiveObjects: 0.263708 ms CreateObjectMapping: 0.155667 ms MarkObjects: 4.493042 ms  DeleteObjects: 0.552000 ms)

Prepare: number of updated asset objects reloaded= 0
========================================================================
Received Import Request.
  Time since last request: 565.621108 seconds.
  path: Assets/Scenes/World 1-1.unity
  artifactKey: Guid(8095ebcbfe4a14b30a787376f1d7fd22) Importer(815301076,1909f56bfc062723c751e8b465ee728b)
Start importing Assets/Scenes/World 1-1.unity using Guid(8095ebcbfe4a14b30a787376f1d7fd22) Importer(815301076,1909f56bfc062723c751e8b465ee728b) (PreviewImporter) -> (artifact id: '0052cd1bb3f93079df6816386d30e5e0') in 0.015395458 seconds
Number of updated asset objects reloaded before import = 0Number of asset objects unloaded after import = 0

========================================================================
Received Import Request.
  Time since last request: 39.158807 seconds.
  path: Assets/Scenes/World 1-1 - UndergroundSettings.lighting
  artifactKey: Guid(b8a94be327a68418ba459cbe990f4f95) Importer(815301076,1909f56bfc062723c751e8b465ee728b)
Start importing Assets/Scenes/World 1-1 - UndergroundSettings.lighting using Guid(b8a94be327a68418ba459cbe990f4f95) Importer(815301076,1909f56bfc062723c751e8b465ee728b) (PreviewImporter) -> (artifact id: 'f93902de7a5211baeb6223e418efde9d') in 0.043001334 seconds
Number of updated asset objects reloaded before import = 0Number of asset objects unloaded after import = 1

========================================================================
Received Import Request.
  Time since last request: 456.921058 seconds.
  path: Assets/Scenes/World 1-1.unity
  artifactKey: Guid(8095ebcbfe4a14b30a787376f1d7fd22) Importer(815301076,1909f56bfc062723c751e8b465ee728b)
Start importing Assets/Scenes/World 1-1.unity using Guid(8095ebcbfe4a14b30a787376f1d7fd22) Importer(815301076,1909f56bfc062723c751e8b465ee728b) (PreviewImporter) -> (artifact id: '987c66171848686aa36e7d1cae7dcc21') in 0.005551 seconds
Number of updated asset objects reloaded before import = 0Number of asset objects unloaded after import = 0

========================================================================
Received Import Request.
  Time since last request: 0.484496 seconds.
  path: Assets/Scenes/Time Up ScreenSettings.lighting
  artifactKey: Guid(3b3444f9bf4f84dc681bb91cc350e208) Importer(815301076,1909f56bfc062723c751e8b465ee728b)
Start importing Assets/Scenes/Time Up ScreenSettings.lighting using Guid(3b3444f9bf4f84dc681bb91cc350e208) Importer(815301076,1909f56bfc062723c751e8b465ee728b) (PreviewImporter) -> (artifact id: '3ba04c6bd404dee1118f6d9f6c122feb') in 0.00280575 seconds
Number of updated asset objects reloaded before import = 0Number of asset objects unloaded after import = 1

========================================================================
Received Import Request.
  Time since last request: 0.246083 seconds.
  path: Assets/Scenes/Level Start ScreenSettings.lighting
  artifactKey: Guid(c1d6c8df0d4cb4df3a50fd3a4b2739aa) Importer(815301076,1909f56bfc062723c751e8b465ee728b)
Start importing Assets/Scenes/Level Start ScreenSettings.lighting using Guid(c1d6c8df0d4cb4df3a50fd3a4b2739aa) Importer(815301076,1909f56bfc062723c751e8b465ee728b) (PreviewImporter) -> (artifact id: '67ec2c0a5abaafd16740d1272ed877d9') in 0.001022916 seconds
Number of updated asset objects reloaded before import = 0Number of asset objects unloaded after import = 1

========================================================================
Received Import Request.
  Time since last request: 0.165329 seconds.
  path: Assets/Scenes/Game Over ScreenSettings.lighting
  artifactKey: Guid(646dcccb3a6ad4468bbec462ecbd20f1) Importer(815301076,1909f56bfc062723c751e8b465ee728b)
Start importing Assets/Scenes/Game Over ScreenSettings.lighting using Guid(646dcccb3a6ad4468bbec462ecbd20f1) Importer(815301076,1909f56bfc062723c751e8b465ee728b) (PreviewImporter) -> (artifact id: 'ca42f313045d4b57fa5ea53b4bd5f97c') in 0.000836667 seconds
Number of updated asset objects reloaded before import = 0Number of asset objects unloaded after import = 1

========================================================================
Received Import Request.
  Time since last request: 54.867621 seconds.
  path: Assets/Prefabs/Blocks
  artifactKey: Guid(5bb837dd1b8884e41adb9d163853d34d) Importer(815301076,1909f56bfc062723c751e8b465ee728b)
Start importing Assets/Prefabs/Blocks using Guid(5bb837dd1b8884e41adb9d163853d34d) Importer(815301076,1909f56bfc062723c751e8b465ee728b) (PreviewImporter) -> (artifact id: '7ddba26a103f5646cad3a86cfc2d2fce') in 0.0040995 seconds
Number of updated asset objects reloaded before import = 0Number of asset objects unloaded after import = 0

========================================================================
Received Import Request.
  Time since last request: 0.067928 seconds.
  path: Assets/Prefabs/Blocks/Brown Brick Block- MultiCoin.prefab
  artifactKey: Guid(ffc5fa0e4ad2f4d279a007bafa62964a) Importer(815301076,1909f56bfc062723c751e8b465ee728b)
Start importing Assets/Prefabs/Blocks/Brown Brick Block- MultiCoin.prefab using Guid(ffc5fa0e4ad2f4d279a007bafa62964a) Importer(815301076,1909f56bfc062723c751e8b465ee728b) (PreviewImporter) -> (artifact id: '789efeb34481683cc0cddc7bacc22cd4') in 0.188927334 seconds
Number of updated asset objects reloaded before import = 0Number of asset objects unloaded after import = 66

========================================================================
Received Import Request.
  Time since last request: 0.000049 seconds.
  path: Assets/Prefabs/Blocks/Wall Green Brick Block- Regular.prefab
  artifactKey: Guid(dfa1e9ce67c154caf9d1eb6f187c26c6) Importer(815301076,1909f56bfc062723c751e8b465ee728b)
Start importing Assets/Prefabs/Blocks/Wall Green Brick Block- Regular.prefab using Guid(dfa1e9ce67c154caf9d1eb6f187c26c6) Importer(815301076,1909f56bfc062723c751e8b465ee728b) (PreviewImporter) -> (artifact id: '7ffb8855d281371bc4f5d14e30dc4e94') in 0.007962958 seconds
Number of updated asset objects reloaded before import = 0Number of asset objects unloaded after import = 59

========================================================================
Received Import Request.
  Time since last request: 0.000152 seconds.
  path: Assets/Prefabs/Blocks/Brown Question Block- Oneup Light.prefab
  artifactKey: Guid(ee80148a6a6634492a197a751d0e2e2e) Importer(815301076,1909f56bfc062723c751e8b465ee728b)
Start importing Assets/Prefabs/Blocks/Brown Question Block- Oneup Light.prefab using Guid(ee80148a6a6634492a197a751d0e2e2e) Importer(815301076,1909f56bfc062723c751e8b465ee728b) (PreviewImporter) -> (artifact id: '198604dfebb798cea0219fae59f398c6') in 0.010806125 seconds
Number of updated asset objects reloaded before import = 0Number of asset objects unloaded after import = 61

========================================================================
Received Import Request.
  Time since last request: 0.000031 seconds.
  path: Assets/Prefabs/Blocks/Wall Green Brick Block- Powerup.prefab
  artifactKey: Guid(212a890066cd444c0b307ed9105adbe5) Importer(815301076,1909f56bfc062723c751e8b465ee728b)
Start importing Assets/Prefabs/Blocks/Wall Green Brick Block- Powerup.prefab using Guid(212a890066cd444c0b307ed9105adbe5) Importer(815301076,1909f56bfc062723c751e8b465ee728b) (PreviewImporter) -> (artifact id: '0545ac4d5851e32cda9b0ff8ce4f9df6') in 0.006199459 seconds
Number of updated asset objects reloaded before import = 0Number of asset objects unloaded after import = 66

========================================================================
Received Import Request.
  Time since last request: 0.000050 seconds.
  path: Assets/Prefabs/Blocks/Wall Green Brick Block- MultiCoin.prefab
  artifactKey: Guid(0499be0a366a740b5b1885a62f818283) Importer(815301076,1909f56bfc062723c751e8b465ee728b)
Start importing Assets/Prefabs/Blocks/Wall Green Brick Block- MultiCoin.prefab using Guid(0499be0a366a740b5b1885a62f818283) Importer(815301076,1909f56bfc062723c751e8b465ee728b) (PreviewImporter) -> (artifact id: '2d0faeb253c78059b3e9b6843e108ad0') in 0.0049515 seconds
Number of updated asset objects reloaded before import = 0Number of asset objects unloaded after import = 67

========================================================================
Received Import Request.
  Time since last request: 0.000030 seconds.
  path: Assets/Prefabs/Blocks/Brown Question Block- Coin.prefab
  artifactKey: Guid(c2cf0a6bc142746a6a26ad5011fc3399) Importer(815301076,1909f56bfc062723c751e8b465ee728b)
Start importing Assets/Prefabs/Blocks/Brown Question Block- Coin.prefab using Guid(c2cf0a6bc142746a6a26ad5011fc3399) Importer(815301076,1909f56bfc062723c751e8b465ee728b) (PreviewImporter) -> (artifact id: '59e2b69b477b2224138c82e307959473') in 0.007426333 seconds
Number of updated asset objects reloaded before import = 0Number of asset objects unloaded after import = 69

========================================================================
Received Import Request.
  Time since last request: 0.000027 seconds.
  path: Assets/Prefabs/Blocks/Green Question Block- Oneup Light.prefab
  artifactKey: Guid(6a19d494341d74332907c69c1c018306) Importer(815301076,1909f56bfc062723c751e8b465ee728b)
Start importing Assets/Prefabs/Blocks/Green Question Block- Oneup Light.prefab using Guid(6a19d494341d74332907c69c1c018306) Importer(815301076,1909f56bfc062723c751e8b465ee728b) (PreviewImporter) -> (artifact id: '3b130af1e33985787d095f432408fad4') in 0.00522525 seconds
Number of updated asset objects reloaded before import = 0Number of asset objects unloaded after import = 61

========================================================================
Received Import Request.
  Time since last request: 0.000041 seconds.
  path: Assets/Prefabs/Blocks/Hidden Grey Question Block- Coin.prefab
  artifactKey: Guid(f1ea08520e2c24d9a885e8da19fa522c) Importer(815301076,1909f56bfc062723c751e8b465ee728b)
Start importing Assets/Prefabs/Blocks/Hidden Grey Question Block- Coin.prefab using Guid(f1ea08520e2c24d9a885e8da19fa522c) Importer(815301076,1909f56bfc062723c751e8b465ee728b) (PreviewImporter) -> (artifact id: '97e596d38665c6dd2cd41f3b135f8459') in 0.006515917 seconds
Number of updated asset objects reloaded before import = 0Number of asset objects unloaded after import = 68

========================================================================
Received Import Request.
  Time since last request: 0.000042 seconds.
  path: Assets/Prefabs/Blocks/Wall Green Brick Block- Starman.prefab
  artifactKey: Guid(acafa368756984abfa8b29d7f1d61d9a) Importer(815301076,1909f56bfc062723c751e8b465ee728b)
Start importing Assets/Prefabs/Blocks/Wall Green Brick Block- Starman.prefab using Guid(acafa368756984abfa8b29d7f1d61d9a) Importer(815301076,1909f56bfc062723c751e8b465ee728b) (PreviewImporter) -> (artifact id: '0e9938a10f0d2d2d9a8fb0044eafef14') in 0.005160583 seconds
Number of updated asset objects reloaded before import = 0Number of asset objects unloaded after import = 67

========================================================================
Received Import Request.
  Time since last request: 0.000052 seconds.
  path: Assets/Prefabs/Blocks/Green Question Block- Coin.prefab
  artifactKey: Guid(a4aab7739375b4ec68d7c90c203fd9f5) Importer(815301076,1909f56bfc062723c751e8b465ee728b)
Start importing Assets/Prefabs/Blocks/Green Question Block- Coin.prefab using Guid(a4aab7739375b4ec68d7c90c203fd9f5) Importer(815301076,1909f56bfc062723c751e8b465ee728b) (PreviewImporter) -> (artifact id: '4ba338e887c735b2e71c0aee056a63a9') in 0.006765208 seconds
Number of updated asset objects reloaded before import = 0Number of asset objects unloaded after import = 69

========================================================================
Received Import Request.
  Time since last request: 90.478974 seconds.
  path: Assets/Prefabs/Ground
  artifactKey: Guid(1b0d0b7ba5292465f895c09c25b08aee) Importer(815301076,1909f56bfc062723c751e8b465ee728b)
Start importing Assets/Prefabs/Ground using Guid(1b0d0b7ba5292465f895c09c25b08aee) Importer(815301076,1909f56bfc062723c751e8b465ee728b) (PreviewImporter) -> (artifact id: '4430a555b9cc04226e118642e29feb7a') in 0.003465958 seconds
Number of updated asset objects reloaded before import = 0Number of asset objects unloaded after import = 0

========================================================================
Received Import Request.
  Time since last request: 0.058614 seconds.
  path: Assets/Prefabs/Ground/Green Ground 1x2.prefab
  artifactKey: Guid(5486d6a5bc57649a7be0157e68963e01) Importer(815301076,1909f56bfc062723c751e8b465ee728b)
Start importing Assets/Prefabs/Ground/Green Ground 1x2.prefab using Guid(5486d6a5bc57649a7be0157e68963e01) Importer(815301076,1909f56bfc062723c751e8b465ee728b) (PreviewImporter) -> (artifact id: 'eb19eee421aae54b721abd18f4a3922c') in 0.022507792 seconds
Number of updated asset objects reloaded before import = 0Number of asset objects unloaded after import = 13

========================================================================
Received Import Request.
  Time since last request: 0.000028 seconds.
  path: Assets/Prefabs/Ground/Grey Brick Ground 1x2.prefab
  artifactKey: Guid(4f9510c212b27405bb76aae26981adaa) Importer(815301076,1909f56bfc062723c751e8b465ee728b)
Start importing Assets/Prefabs/Ground/Grey Brick Ground 1x2.prefab using Guid(4f9510c212b27405bb76aae26981adaa) Importer(815301076,1909f56bfc062723c751e8b465ee728b) (PreviewImporter) -> (artifact id: 'c3061c9bba82d88e34cc9308ff6185e4') in 0.005529375 seconds
Number of updated asset objects reloaded before import = 0Number of asset objects unloaded after import = 16

========================================================================
Received Import Request.
  Time since last request: 0.000057 seconds.
  path: Assets/Prefabs/Ground/Tree Top 4x1.prefab
  artifactKey: Guid(089accb3ab4cd44e7b5171959509374e) Importer(815301076,1909f56bfc062723c751e8b465ee728b)
Start importing Assets/Prefabs/Ground/Tree Top 4x1.prefab using Guid(089accb3ab4cd44e7b5171959509374e) Importer(815301076,1909f56bfc062723c751e8b465ee728b) (PreviewImporter) -> (artifact id: '105f945a9f7a3a95c612ba80f2f258e9') in 0.004434667 seconds
Number of updated asset objects reloaded before import = 0Number of asset objects unloaded after import = 24

========================================================================
Received Import Request.
  Time since last request: 0.000028 seconds.
  path: Assets/Prefabs/Ground/Grey Brick Ground 5x1.prefab
  artifactKey: Guid(f56e13f6d43554fbcb6f89c9078921b7) Importer(815301076,1909f56bfc062723c751e8b465ee728b)
Start importing Assets/Prefabs/Ground/Grey Brick Ground 5x1.prefab using Guid(f56e13f6d43554fbcb6f89c9078921b7) Importer(815301076,1909f56bfc062723c751e8b465ee728b) (PreviewImporter) -> (artifact id: 'b40efbf5d04792eaaea7e3e4e6cba18f') in 0.009862583 seconds
Number of updated asset objects reloaded before import = 0Number of asset objects unloaded after import = 31

========================================================================
Received Import Request.
  Time since last request: 0.000029 seconds.
  path: Assets/Prefabs/Ground/Grey Brick Ground 5x2.prefab
  artifactKey: Guid(bac06e6b8bceb463aa232cae5d8aa76a) Importer(815301076,1909f56bfc062723c751e8b465ee728b)
Start importing Assets/Prefabs/Ground/Grey Brick Ground 5x2.prefab using Guid(bac06e6b8bceb463aa232cae5d8aa76a) Importer(815301076,1909f56bfc062723c751e8b465ee728b) (PreviewImporter) -> (artifact id: '3dd770853666eb7e7bd24d86170ce1c8') in 0.004422792 seconds
Number of updated asset objects reloaded before import = 0Number of asset objects unloaded after import = 56

========================================================================
Received Import Request.
  Time since last request: 0.000026 seconds.
  path: Assets/Prefabs/Ground/Green Ground 7x2.prefab
  artifactKey: Guid(a360db971090f495ba2d1dbde0dbbcf0) Importer(815301076,1909f56bfc062723c751e8b465ee728b)
Start importing Assets/Prefabs/Ground/Green Ground 7x2.prefab using Guid(a360db971090f495ba2d1dbde0dbbcf0) Importer(815301076,1909f56bfc062723c751e8b465ee728b) (PreviewImporter) -> (artifact id: '59153a0bca37ff03b06e16d2884e8f9f') in 0.00582625 seconds
Number of updated asset objects reloaded before import = 0Number of asset objects unloaded after import = 49

========================================================================
Received Import Request.
  Time since last request: 0.000043 seconds.
  path: Assets/Prefabs/Ground/Tree Top 5x1.prefab
  artifactKey: Guid(3ceab74fd3fe04f8cba3d4554622cd16) Importer(815301076,1909f56bfc062723c751e8b465ee728b)
Start importing Assets/Prefabs/Ground/Tree Top 5x1.prefab using Guid(3ceab74fd3fe04f8cba3d4554622cd16) Importer(815301076,1909f56bfc062723c751e8b465ee728b) (PreviewImporter) -> (artifact id: '1c8138b046a0ac9096172f165655db77') in 0.005447083 seconds
Number of updated asset objects reloaded before import = 0Number of asset objects unloaded after import = 30

========================================================================
Received Import Request.
  Time since last request: 0.000027 seconds.
  path: Assets/Prefabs/Ground/Grey Brick Ground 1x1.prefab
  artifactKey: Guid(1df5c32af0e8f44fb8a3f4808237a903) Importer(815301076,1909f56bfc062723c751e8b465ee728b)
Start importing Assets/Prefabs/Ground/Grey Brick Ground 1x1.prefab using Guid(1df5c32af0e8f44fb8a3f4808237a903) Importer(815301076,1909f56bfc062723c751e8b465ee728b) (PreviewImporter) -> (artifact id: '4bc99edeec78964660c455b83bb3d838') in 0.005335541 seconds
Number of updated asset objects reloaded before import = 0Number of asset objects unloaded after import = 11

========================================================================
Received Import Request.
  Time since last request: 0.000125 seconds.
  path: Assets/Prefabs/Ground/Tree Top 6x1.prefab
  artifactKey: Guid(63d49b047656741be96dc45afee6ede5) Importer(815301076,1909f56bfc062723c751e8b465ee728b)
Start importing Assets/Prefabs/Ground/Tree Top 6x1.prefab using Guid(63d49b047656741be96dc45afee6ede5) Importer(815301076,1909f56bfc062723c751e8b465ee728b) (PreviewImporter) -> (artifact id: 'bd14c0c91a85a11782dc2ee0d861dcc3') in 0.005797292 seconds
Number of updated asset objects reloaded before import = 0Number of asset objects unloaded after import = 36

========================================================================
Received Import Request.
  Time since last request: 96.770290 seconds.
  path: Assets/Prefabs/Ground/Brown Ground 7x2.prefab
  artifactKey: Guid(8efd63662528e4a068f61395fc9d575d) Importer(815301076,1909f56bfc062723c751e8b465ee728b)
Start importing Assets/Prefabs/Ground/Brown Ground 7x2.prefab using Guid(8efd63662528e4a068f61395fc9d575d) Importer(815301076,1909f56bfc062723c751e8b465ee728b) (PreviewImporter) -> (artifact id: '4700f750f096bce6a48daa635ced6597') in 0.035639458 seconds
Number of updated asset objects reloaded before import = 0Number of asset objects unloaded after import = 49

========================================================================
Received Import Request.
  Time since last request: 0.679827 seconds.
  path: Assets/Prefabs/Ground/Brown Ground 7x2.prefab
  artifactKey: Guid(8efd63662528e4a068f61395fc9d575d) Importer(815301076,1909f56bfc062723c751e8b465ee728b)
Start importing Assets/Prefabs/Ground/Brown Ground 7x2.prefab using Guid(8efd63662528e4a068f61395fc9d575d) Importer(815301076,1909f56bfc062723c751e8b465ee728b) (PreviewImporter) -> (artifact id: 'dcb8fba23bf45a9a79ae66ba9e92eece') in 0.005627167 seconds
Number of updated asset objects reloaded before import = 0Number of asset objects unloaded after import = 49

========================================================================
Received Import Request.
  Time since last request: 2.833952 seconds.
  path: Assets/Prefabs/Ground/Brown Ground 7x2.prefab
  artifactKey: Guid(8efd63662528e4a068f61395fc9d575d) Importer(815301076,1909f56bfc062723c751e8b465ee728b)
Start importing Assets/Prefabs/Ground/Brown Ground 7x2.prefab using Guid(8efd63662528e4a068f61395fc9d575d) Importer(815301076,1909f56bfc062723c751e8b465ee728b) (PreviewImporter) -> (artifact id: '7226cd737dce86ae8c936d92b65c365f') in 0.00803575 seconds
Number of updated asset objects reloaded before import = 0Number of asset objects unloaded after import = 49

========================================================================
Received Import Request.
  Time since last request: 12.658703 seconds.
  path: Assets/Prefabs/Ground/Brown Ground 7x2.prefab
  artifactKey: Guid(8efd63662528e4a068f61395fc9d575d) Importer(815301076,1909f56bfc062723c751e8b465ee728b)
Start importing Assets/Prefabs/Ground/Brown Ground 7x2.prefab using Guid(8efd63662528e4a068f61395fc9d575d) Importer(815301076,1909f56bfc062723c751e8b465ee728b) (PreviewImporter) -> (artifact id: 'f5a5afd74037945ec7305f90cbb7ecb7') in 0.029189042 seconds
Number of updated asset objects reloaded before import = 0Number of asset objects unloaded after import = 49

========================================================================
Received Import Request.
  Time since last request: 0.947467 seconds.
  path: Assets/Prefabs/Ground/Brown Ground 7x2.prefab
  artifactKey: Guid(8efd63662528e4a068f61395fc9d575d) Importer(815301076,1909f56bfc062723c751e8b465ee728b)
Start importing Assets/Prefabs/Ground/Brown Ground 7x2.prefab using Guid(8efd63662528e4a068f61395fc9d575d) Importer(815301076,1909f56bfc062723c751e8b465ee728b) (PreviewImporter) -> (artifact id: '06d419345f350f41ef5c1978c8f91b39') in 0.003996375 seconds
Number of updated asset objects reloaded before import = 0Number of asset objects unloaded after import = 49

========================================================================
Received Import Request.
  Time since last request: 1.208610 seconds.
  path: Assets/Prefabs/Ground/Brown Ground 7x2.prefab
  artifactKey: Guid(8efd63662528e4a068f61395fc9d575d) Importer(815301076,1909f56bfc062723c751e8b465ee728b)
Start importing Assets/Prefabs/Ground/Brown Ground 7x2.prefab using Guid(8efd63662528e4a068f61395fc9d575d) Importer(815301076,1909f56bfc062723c751e8b465ee728b) (PreviewImporter) -> (artifact id: '30039e1a0c5b999edd57c7f9f2d55713') in 0.006307209 seconds
Number of updated asset objects reloaded before import = 0Number of asset objects unloaded after import = 49

========================================================================
Received Import Request.
  Time since last request: 0.996564 seconds.
  path: Assets/Prefabs/Ground/Brown Ground 7x2.prefab
  artifactKey: Guid(8efd63662528e4a068f61395fc9d575d) Importer(815301076,1909f56bfc062723c751e8b465ee728b)
Start importing Assets/Prefabs/Ground/Brown Ground 7x2.prefab using Guid(8efd63662528e4a068f61395fc9d575d) Importer(815301076,1909f56bfc062723c751e8b465ee728b) (PreviewImporter) -> (artifact id: '442983d2413d60f4b2921d8d04dc74db') in 0.005621625 seconds
Number of updated asset objects reloaded before import = 0Number of asset objects unloaded after import = 49

========================================================================
Received Import Request.
  Time since last request: 1.412187 seconds.
  path: Assets/Prefabs/Ground/Brown Ground 7x2.prefab
  artifactKey: Guid(8efd63662528e4a068f61395fc9d575d) Importer(815301076,1909f56bfc062723c751e8b465ee728b)
Start importing Assets/Prefabs/Ground/Brown Ground 7x2.prefab using Guid(8efd63662528e4a068f61395fc9d575d) Importer(815301076,1909f56bfc062723c751e8b465ee728b) (PreviewImporter) -> (artifact id: '669f3cb0408713646f0da3a19f6536f9') in 0.006666833 seconds
Number of updated asset objects reloaded before import = 0Number of asset objects unloaded after import = 49

========================================================================
Received Import Request.
  Time since last request: 2.828334 seconds.
  path: Assets/Prefabs/Ground/Brown Ground 7x2.prefab
  artifactKey: Guid(8efd63662528e4a068f61395fc9d575d) Importer(815301076,1909f56bfc062723c751e8b465ee728b)
Start importing Assets/Prefabs/Ground/Brown Ground 7x2.prefab using Guid(8efd63662528e4a068f61395fc9d575d) Importer(815301076,1909f56bfc062723c751e8b465ee728b) (PreviewImporter) -> (artifact id: '49d66e32812ab1f77fd87bf2a414ca94') in 0.008699958 seconds
Number of updated asset objects reloaded before import = 0Number of asset objects unloaded after import = 49

========================================================================
Received Import Request.
  Time since last request: 6.195872 seconds.
  path: Assets/Prefabs/Ground/Brown Ground 7x2.prefab
  artifactKey: Guid(8efd63662528e4a068f61395fc9d575d) Importer(815301076,1909f56bfc062723c751e8b465ee728b)
Start importing Assets/Prefabs/Ground/Brown Ground 7x2.prefab using Guid(8efd63662528e4a068f61395fc9d575d) Importer(815301076,1909f56bfc062723c751e8b465ee728b) (PreviewImporter) -> (artifact id: '326f999e5f59cbdf7a1436c904217ed5') in 0.0199795 seconds
Number of updated asset objects reloaded before import = 0Number of asset objects unloaded after import = 49

========================================================================
Received Import Request.
  Time since last request: 1.991144 seconds.
  path: Assets/Prefabs/Ground/Brown Ground 7x2.prefab
  artifactKey: Guid(8efd63662528e4a068f61395fc9d575d) Importer(815301076,1909f56bfc062723c751e8b465ee728b)
Start importing Assets/Prefabs/Ground/Brown Ground 7x2.prefab using Guid(8efd63662528e4a068f61395fc9d575d) Importer(815301076,1909f56bfc062723c751e8b465ee728b) (PreviewImporter) -> (artifact id: '4929d42d94b9a8cf208edebdf698210f') in 0.005395834 seconds
Number of updated asset objects reloaded before import = 0Number of asset objects unloaded after import = 49

========================================================================
Received Import Request.
  Time since last request: 1.003569 seconds.
  path: Assets/Prefabs/Ground/Brown Ground 7x2.prefab
  artifactKey: Guid(8efd63662528e4a068f61395fc9d575d) Importer(815301076,1909f56bfc062723c751e8b465ee728b)
Start importing Assets/Prefabs/Ground/Brown Ground 7x2.prefab using Guid(8efd63662528e4a068f61395fc9d575d) Importer(815301076,1909f56bfc062723c751e8b465ee728b) (PreviewImporter) -> (artifact id: 'ea4328123fcb6ee8ae22e2b092c814f5') in 0.005733667 seconds
Number of updated asset objects reloaded before import = 0Number of asset objects unloaded after import = 49

========================================================================
Received Import Request.
  Time since last request: 1.410665 seconds.
  path: Assets/Prefabs/Ground/Brown Ground 7x2.prefab
  artifactKey: Guid(8efd63662528e4a068f61395fc9d575d) Importer(815301076,1909f56bfc062723c751e8b465ee728b)
Start importing Assets/Prefabs/Ground/Brown Ground 7x2.prefab using Guid(8efd63662528e4a068f61395fc9d575d) Importer(815301076,1909f56bfc062723c751e8b465ee728b) (PreviewImporter) -> (artifact id: '328e1ef16de91a21f48887b437d51a84') in 0.006776209 seconds
Number of updated asset objects reloaded before import = 0Number of asset objects unloaded after import = 49

========================================================================
Received Import Request.
  Time since last request: 8.917017 seconds.
  path: Assets/Prefabs/Ground/Brown Ground 7x2.prefab
  artifactKey: Guid(8efd63662528e4a068f61395fc9d575d) Importer(815301076,1909f56bfc062723c751e8b465ee728b)
Start importing Assets/Prefabs/Ground/Brown Ground 7x2.prefab using Guid(8efd63662528e4a068f61395fc9d575d) Importer(815301076,1909f56bfc062723c751e8b465ee728b) (PreviewImporter) -> (artifact id: '9036e61f60e30d0a7f81d8c369ae0172') in 0.025991667 seconds
Number of updated asset objects reloaded before import = 0Number of asset objects unloaded after import = 49

========================================================================
Received Import Request.
  Time since last request: 7.088800 seconds.
  path: Assets/Prefabs/Ground/Brown Ground 7x2.prefab
  artifactKey: Guid(8efd63662528e4a068f61395fc9d575d) Importer(815301076,1909f56bfc062723c751e8b465ee728b)
Start importing Assets/Prefabs/Ground/Brown Ground 7x2.prefab using Guid(8efd63662528e4a068f61395fc9d575d) Importer(815301076,1909f56bfc062723c751e8b465ee728b) (PreviewImporter) -> (artifact id: '356fae8f85ca36792c0eab9059c4c9c4') in 0.009402334 seconds
Number of updated asset objects reloaded before import = 0Number of asset objects unloaded after import = 49

========================================================================
Received Import Request.
  Time since last request: 51.871283 seconds.
  path: Assets/Prefabs/Ground/Brown Ground 5x2.prefab
  artifactKey: Guid(f81d940271e184463825dd68ea0a061c) Importer(815301076,1909f56bfc062723c751e8b465ee728b)
Start importing Assets/Prefabs/Ground/Brown Ground 5x2.prefab using Guid(f81d940271e184463825dd68ea0a061c) Importer(815301076,1909f56bfc062723c751e8b465ee728b) (PreviewImporter) -> (artifact id: 'ea8f7dd837ac4de7f3281f6e208815af') in 0.012013125 seconds
Number of updated asset objects reloaded before import = 0Number of asset objects unloaded after import = 37

========================================================================
Received Import Request.
  Time since last request: 6.688473 seconds.
  path: Assets/Prefabs/Ground/Brown Ground 5x2.prefab
  artifactKey: Guid(f81d940271e184463825dd68ea0a061c) Importer(815301076,1909f56bfc062723c751e8b465ee728b)
Start importing Assets/Prefabs/Ground/Brown Ground 5x2.prefab using Guid(f81d940271e184463825dd68ea0a061c) Importer(815301076,1909f56bfc062723c751e8b465ee728b) (PreviewImporter) -> (artifact id: '4188134dc5b1cf457b62996a3ab4091c') in 0.007381 seconds
Number of updated asset objects reloaded before import = 0Number of asset objects unloaded after import = 37

========================================================================
Received Import Request.
  Time since last request: 16.412692 seconds.
  path: Assets/Prefabs/Ground/Brown Ground 1x2.prefab
  artifactKey: Guid(92d63d5b05fb14e21b513c1103ef4bcb) Importer(815301076,1909f56bfc062723c751e8b465ee728b)
Start importing Assets/Prefabs/Ground/Brown Ground 1x2.prefab using Guid(92d63d5b05fb14e21b513c1103ef4bcb) Importer(815301076,1909f56bfc062723c751e8b465ee728b) (PreviewImporter) -> (artifact id: '8605eb9b7052e348784c5b16582f3a83') in 0.029066416 seconds
Number of updated asset objects reloaded before import = 0Number of asset objects unloaded after import = 13

========================================================================
Received Import Request.
  Time since last request: 3.588692 seconds.
  path: Assets/Prefabs/Ground/Brown Ground 1x2.prefab
  artifactKey: Guid(92d63d5b05fb14e21b513c1103ef4bcb) Importer(815301076,1909f56bfc062723c751e8b465ee728b)
Start importing Assets/Prefabs/Ground/Brown Ground 1x2.prefab using Guid(92d63d5b05fb14e21b513c1103ef4bcb) Importer(815301076,1909f56bfc062723c751e8b465ee728b) (PreviewImporter) -> (artifact id: 'd327da1eff210706d4d5c46249d36f82') in 0.004904125 seconds
Number of updated asset objects reloaded before import = 0Number of asset objects unloaded after import = 13

========================================================================
Received Import Request.
  Time since last request: 37.645677 seconds.
  path: Assets/Prefabs/Barriers/Brick Block Temp Collider.prefab
  artifactKey: Guid(bfdfa2625c7ba4053a54e312ddd9f383) Importer(815301076,1909f56bfc062723c751e8b465ee728b)
Start importing Assets/Prefabs/Barriers/Brick Block Temp Collider.prefab using Guid(bfdfa2625c7ba4053a54e312ddd9f383) Importer(815301076,1909f56bfc062723c751e8b465ee728b) (PreviewImporter) -> (artifact id: '9ff9c211bd0fdd769f5f2be908232c0f') in 0.012708917 seconds
Number of updated asset objects reloaded before import = 0Number of asset objects unloaded after import = 6

========================================================================
Received Import Request.
  Time since last request: 27.909160 seconds.
  path: Assets/Prefabs/Blocks/Brown Brick Block- MultiCoin.prefab
  artifactKey: Guid(ffc5fa0e4ad2f4d279a007bafa62964a) Importer(815301076,1909f56bfc062723c751e8b465ee728b)
Start importing Assets/Prefabs/Blocks/Brown Brick Block- MultiCoin.prefab using Guid(ffc5fa0e4ad2f4d279a007bafa62964a) Importer(815301076,1909f56bfc062723c751e8b465ee728b) (PreviewImporter) -> (artifact id: '40ebba24c4e4a3c1539ec70b31b151aa') in 0.036684542 seconds
Number of updated asset objects reloaded before import = 0Number of asset objects unloaded after import = 66

========================================================================
Received Prepare
Begin MonoManager ReloadAssembly
Thread 0x16d98b000 may have been prematurely finalized
- Loaded All Assemblies, in  0.478 seconds
Refreshing native plugins compatible for Editor in 0.23 ms, found 2 plugins.
Native extension for iOS target not found
Native extension for Android target not found
Native extension for OSXStandalone target not found
Native extension for WebGL target not found
Mono: successfully reloaded assembly
- Finished resetting the current domain, in  0.438 seconds
Domain Reload Profiling: 917ms
	BeginReloadAssembly (162ms)
		ExecutionOrderSort (0ms)
		DisableScriptedObjects (5ms)
		BackupInstance (0ms)
		ReleaseScriptingObjects (0ms)
		CreateAndSetChildDomain (59ms)
	RebuildCommonClasses (27ms)
	RebuildNativeTypeToScriptingClass (9ms)
	initialDomainReloadingComplete (19ms)
	LoadAllAssembliesAndSetupDomain (262ms)
		LoadAssemblies (237ms)
		RebuildTransferFunctionScriptingTraits (0ms)
		AnalyzeDomain (94ms)
			TypeCache.Refresh (12ms)
				TypeCache.ScanAssembly (0ms)
			BuildScriptInfoCaches (77ms)
			ResolveRequiredComponents (4ms)
	FinalizeReload (438ms)
		ReleaseScriptCaches (0ms)
		RebuildScriptCaches (0ms)
		SetupLoadedEditorAssemblies (347ms)
			LogAssemblyErrors (0ms)
			InitializePlatformSupportModulesInManaged (86ms)
			SetLoadedEditorAssemblies (3ms)
			BeforeProcessingInitializeOnLoad (54ms)
			ProcessInitializeOnLoadAttributes (191ms)
			ProcessInitializeOnLoadMethodAttributes (13ms)
			AfterProcessingInitializeOnLoad (1ms)
			EditorAssembliesLoaded (0ms)
		ExecutionOrderSort2 (0ms)
		AwakeInstancesAfterBackupRestoration (2ms)
Refreshing native plugins compatible for Editor in 0.28 ms, found 2 plugins.
Preloading 0 native plugins for Editor in 0.00 ms.
Unloading 0 Unused Serialized files (Serialized files now loaded: 0)
Unloading 3246 unused Assets / (0.7 MB). Loaded Objects now: 3743.
Memory consumption went from 86.7 MB to 85.9 MB.
Total: 3.886500 ms (FindLiveObjects: 0.187291 ms CreateObjectMapping: 0.115000 ms MarkObjects: 3.108750 ms  DeleteObjects: 0.475084 ms)

Prepare: number of updated asset objects reloaded= 0
========================================================================
Received Prepare
Begin MonoManager ReloadAssembly
Thread 0x314087000 may have been prematurely finalized
- Loaded All Assemblies, in  0.438 seconds
Refreshing native plugins compatible for Editor in 0.26 ms, found 2 plugins.
Native extension for iOS target not found
Native extension for Android target not found
Native extension for OSXStandalone target not found
Native extension for WebGL target not found
Mono: successfully reloaded assembly
- Finished resetting the current domain, in  0.395 seconds
Domain Reload Profiling: 834ms
	BeginReloadAssembly (171ms)
		ExecutionOrderSort (0ms)
		DisableScriptedObjects (5ms)
		BackupInstance (0ms)
		ReleaseScriptingObjects (0ms)
		CreateAndSetChildDomain (61ms)
	RebuildCommonClasses (29ms)
	RebuildNativeTypeToScriptingClass (10ms)
	initialDomainReloadingComplete (17ms)
	LoadAllAssembliesAndSetupDomain (212ms)
		LoadAssemblies (206ms)
		RebuildTransferFunctionScriptingTraits (0ms)
		AnalyzeDomain (82ms)
			TypeCache.Refresh (9ms)
				TypeCache.ScanAssembly (0ms)
			BuildScriptInfoCaches (67ms)
			ResolveRequiredComponents (4ms)
	FinalizeReload (395ms)
		ReleaseScriptCaches (0ms)
		RebuildScriptCaches (0ms)
		SetupLoadedEditorAssemblies (305ms)
			LogAssemblyErrors (0ms)
			InitializePlatformSupportModulesInManaged (15ms)
			SetLoadedEditorAssemblies (3ms)
			BeforeProcessingInitializeOnLoad (50ms)
			ProcessInitializeOnLoadAttributes (224ms)
			ProcessInitializeOnLoadMethodAttributes (13ms)
			AfterProcessingInitializeOnLoad (1ms)
			EditorAssembliesLoaded (0ms)
		ExecutionOrderSort2 (0ms)
		AwakeInstancesAfterBackupRestoration (2ms)
Refreshing native plugins compatible for Editor in 0.21 ms, found 2 plugins.
Preloading 0 native plugins for Editor in 0.00 ms.
Unloading 0 Unused Serialized files (Serialized files now loaded: 0)
Unloading 3246 unused Assets / (0.7 MB). Loaded Objects now: 3743.
Memory consumption went from 85.6 MB to 84.9 MB.
Total: 3.964875 ms (FindLiveObjects: 0.181208 ms CreateObjectMapping: 0.109542 ms MarkObjects: 3.190542 ms  DeleteObjects: 0.483333 ms)

Prepare: number of updated asset objects reloaded= 0
========================================================================
Received Import Request.
  Time since last request: 231.033074 seconds.
  path: Assets/Fonts/prstart.ttf
  artifactKey: Guid(d546287523c5148248a0174c4515bdcb) Importer(815301076,1909f56bfc062723c751e8b465ee728b)
Start importing Assets/Fonts/prstart.ttf using Guid(d546287523c5148248a0174c4515bdcb) Importer(815301076,1909f56bfc062723c751e8b465ee728b) (PreviewImporter) -> (artifact id: '660ab8b90fd9fa90b82cf9c82dbef1fe') in 0.125005583 seconds
Number of updated asset objects reloaded before import = 0Number of asset objects unloaded after import = 4

========================================================================
Received Import Request.
  Time since last request: 0.486100 seconds.
  path: Assets/Materials/Bouncy.physicsMaterial2D
  artifactKey: Guid(efa72d1c8b9884020bc19f6ee0a6209f) Importer(815301076,1909f56bfc062723c751e8b465ee728b)
Start importing Assets/Materials/Bouncy.physicsMaterial2D using Guid(efa72d1c8b9884020bc19f6ee0a6209f) Importer(815301076,1909f56bfc062723c751e8b465ee728b) (PreviewImporter) -> (artifact id: 'd27e84b293d6bf92762cd1866a2c52fe') in 0.000712334 seconds
Number of updated asset objects reloaded before import = 0Number of asset objects unloaded after import = 1

========================================================================
Received Prepare
Begin MonoManager ReloadAssembly
Thread 0x314087000 may have been prematurely finalized
- Loaded All Assemblies, in  0.420 seconds
Refreshing native plugins compatible for Editor in 0.22 ms, found 2 plugins.
Native extension for iOS target not found
Native extension for Android target not found
Native extension for OSXStandalone target not found
Native extension for WebGL target not found
Mono: successfully reloaded assembly
- Finished resetting the current domain, in  0.556 seconds
Domain Reload Profiling: 977ms
	BeginReloadAssembly (135ms)
		ExecutionOrderSort (0ms)
		DisableScriptedObjects (5ms)
		BackupInstance (0ms)
		ReleaseScriptingObjects (0ms)
		CreateAndSetChildDomain (59ms)
	RebuildCommonClasses (27ms)
	RebuildNativeTypeToScriptingClass (10ms)
	initialDomainReloadingComplete (15ms)
	LoadAllAssembliesAndSetupDomain (233ms)
		LoadAssemblies (183ms)
		RebuildTransferFunctionScriptingTraits (0ms)
		AnalyzeDomain (93ms)
			TypeCache.Refresh (14ms)
				TypeCache.ScanAssembly (0ms)
			BuildScriptInfoCaches (73ms)
			ResolveRequiredComponents (4ms)
	FinalizeReload (556ms)
		ReleaseScriptCaches (0ms)
		RebuildScriptCaches (0ms)
		SetupLoadedEditorAssemblies (459ms)
			LogAssemblyErrors (0ms)
			InitializePlatformSupportModulesInManaged (152ms)
			SetLoadedEditorAssemblies (4ms)
			BeforeProcessingInitializeOnLoad (60ms)
			ProcessInitializeOnLoadAttributes (229ms)
			ProcessInitializeOnLoadMethodAttributes (13ms)
			AfterProcessingInitializeOnLoad (1ms)
			EditorAssembliesLoaded (0ms)
		ExecutionOrderSort2 (0ms)
		AwakeInstancesAfterBackupRestoration (2ms)
Refreshing native plugins compatible for Editor in 0.24 ms, found 2 plugins.
Preloading 0 native plugins for Editor in 0.00 ms.
Unloading 0 Unused Serialized files (Serialized files now loaded: 0)
Unloading 3246 unused Assets / (0.8 MB). Loaded Objects now: 3780.
Memory consumption went from 85.6 MB to 84.8 MB.
Total: 4.307750 ms (FindLiveObjects: 0.247875 ms CreateObjectMapping: 0.158875 ms MarkObjects: 3.385250 ms  DeleteObjects: 0.515500 ms)

Prepare: number of updated asset objects reloaded= 0
========================================================================
Received Import Request.
  Time since last request: 130.140939 seconds.
  path: Assets/Prefabs/Blocks/Brown Brick Block- Regular.prefab
  artifactKey: Guid(884934ea3b1604605a91783a55f1e9e1) Importer(815301076,1909f56bfc062723c751e8b465ee728b)
Start importing Assets/Prefabs/Blocks/Brown Brick Block- Regular.prefab using Guid(884934ea3b1604605a91783a55f1e9e1) Importer(815301076,1909f56bfc062723c751e8b465ee728b) (PreviewImporter) -> (artifact id: 'b440ead3dc2a42ad6c69503929a759f7') in 0.118799667 seconds
Number of updated asset objects reloaded before import = 0Number of asset objects unloaded after import = 59

========================================================================
Received Import Request.
  Time since last request: 1.681620 seconds.
  path: Assets/Prefabs/Blocks/Brown Brick Block- Regular.prefab
  artifactKey: Guid(884934ea3b1604605a91783a55f1e9e1) Importer(815301076,1909f56bfc062723c751e8b465ee728b)
Start importing Assets/Prefabs/Blocks/Brown Brick Block- Regular.prefab using Guid(884934ea3b1604605a91783a55f1e9e1) Importer(815301076,1909f56bfc062723c751e8b465ee728b) (PreviewImporter) -> (artifact id: '4abd27a3bc1b9a9353646a9f220a3db5') in 0.006115416 seconds
Number of updated asset objects reloaded before import = 0Number of asset objects unloaded after import = 59

========================================================================
Received Import Request.
  Time since last request: 17.003072 seconds.
  path: Assets/Prefabs/Blocks/Brown Brick Block- MultiCoin.prefab
  artifactKey: Guid(ffc5fa0e4ad2f4d279a007bafa62964a) Importer(815301076,1909f56bfc062723c751e8b465ee728b)
Start importing Assets/Prefabs/Blocks/Brown Brick Block- MultiCoin.prefab using Guid(ffc5fa0e4ad2f4d279a007bafa62964a) Importer(815301076,1909f56bfc062723c751e8b465ee728b) (PreviewImporter) -> (artifact id: '039ed053cfec3f03548565e169ae5fd7') in 0.04830725 seconds
Number of updated asset objects reloaded before import = 0Number of asset objects unloaded after import = 66

